<?xml version="1.0" encoding="UTF-8"?>
<!-- Generated by org.testng.reporters.JUnitReportReporter -->
<testsuite hostname="LAPTOP-955OHR8G" failures="0" tests="2" name="test.FaceBook" time="6.264" errors="0" timestamp="2020-10-30T15:25:05 EDT" skipped="0">
  <testcase classname="test.FaceBook" name="opengoogle" time="1.085"/>
  <system-out/>
  <testcase classname="test.FaceBook" name="openCrome" time="5.179"/>
  <system-out/>
</testsuite> <!-- test.FaceBook -->
