<?xml version="1.0" encoding="UTF-8"?>
<!-- Generated by org.testng.reporters.JUnitReportReporter -->
<testsuite hostname="LAPTOP-955OHR8G" failures="0" tests="2" name="test.Google" time="6.629" errors="0" timestamp="2020-10-30T15:25:05 EDT" skipped="0">
  <testcase classname="test.Google" name="openCrome" time="5.610"/>
  <system-out/>
  <testcase classname="test.Google" name="openGoogle" time="1.019"/>
  <system-out/>
</testsuite> <!-- test.Google -->
