<?xml version="1.0" encoding="UTF-8"?>
<!-- Generated by org.testng.reporters.JUnitReportReporter -->
<testsuite hostname="LAPTOP-955OHR8G" failures="0" tests="1" name="testBase.BaseChrome" time="5.169" errors="0" timestamp="2020-10-30T15:25:05 EDT" skipped="0">
  <testcase classname="testBase.BaseChrome" name="openCrome" time="5.169"/>
  <system-out/>
</testsuite> <!-- testBase.BaseChrome -->
